#
# There is insufficient memory for the Java Runtime Environment to continue.
# Native memory allocation (malloc) failed to allocate 473456 bytes for Chunk::new
# Possible reasons:
#   The system is out of physical RAM or swap space
#   In 32 bit mode, the process size limit was hit
# Possible solutions:
#   Reduce memory load on the system
#   Increase physical memory or swap space
#   Check if swap backing store is full
#   Use 64 bit Java on a 64 bit OS
#   Decrease Java heap size (-Xmx/-Xms)
#   Decrease number of Java threads
#   Decrease Java thread stack sizes (-Xss)
#   Set larger code cache with -XX:ReservedCodeCacheSize=
# This output file may be truncated or incomplete.
#
#  Out of Memory Error (allocation.cpp:390), pid=14324, tid=0x0000000000002da0
#
# JRE version: Java(TM) SE Runtime Environment (8.0_181-b13) (build 1.8.0_181-b13)
# Java VM: Java HotSpot(TM) 64-Bit Server VM (25.181-b13 mixed mode windows-amd64 compressed oops)
# Failed to write core dump. Minidumps are not enabled by default on client versions of Windows
#

---------------  T H R E A D  ---------------

Current thread (0x0000000018c65800):  JavaThread "C2 CompilerThread1" daemon [_thread_in_native, id=11680, stack(0x00000000191b0000,0x00000000192b0000)]

Stack: [0x00000000191b0000,0x00000000192b0000]
[error occurred during error reporting (printing stack bounds), id 0xc0000005]

Native frames: (J=compiled Java code, j=interpreted, Vv=VM code, C=native code)


Current CompileTask:
C2:   8614 3605   !   4       util.FileUtils::readLine (312 bytes)


---------------  P R O C E S S  ---------------

Java Threads: ( => current thread )
  0x0000000018dab800 JavaThread "Service Thread" daemon [_thread_blocked, id=3896, stack(0x00000000193b0000,0x00000000194b0000)]
  0x0000000018ca6000 JavaThread "C1 CompilerThread2" daemon [_thread_blocked, id=18256, stack(0x00000000192b0000,0x00000000193b0000)]
=>0x0000000018c65800 JavaThread "C2 CompilerThread1" daemon [_thread_in_native, id=11680, stack(0x00000000191b0000,0x00000000192b0000)]
  0x0000000018c62800 JavaThread "C2 CompilerThread0" daemon [_thread_in_native, id=15872, stack(0x00000000190b0000,0x00000000191b0000)]
  0x0000000018c4f800 JavaThread "Monitor Ctrl-Break" daemon [_thread_in_native, id=20472, stack(0x0000000018fb0000,0x00000000190b0000)]
  0x00000000176b4800 JavaThread "Attach Listener" daemon [_thread_blocked, id=18640, stack(0x0000000018eb0000,0x0000000018fb0000)]
  0x0000000017671000 JavaThread "Signal Dispatcher" daemon [_thread_blocked, id=14680, stack(0x0000000018db0000,0x0000000018eb0000)]
  0x0000000017650000 JavaThread "Finalizer" daemon [_thread_blocked, id=8168, stack(0x00000000188b0000,0x00000000189b0000)]
  0x0000000002af3000 JavaThread "Reference Handler" daemon [_thread_blocked, id=17924, stack(0x00000000187b0000,0x00000000188b0000)]
  0x0000000002a04000 JavaThread "main" [_thread_in_vm, id=1744, stack(0x0000000002800000,0x0000000002900000)]

Other Threads:
  0x0000000017627000 VMThread [stack: 0x00000000186b0000,0x00000000187b0000] [id=19316]
  0x0000000018d78800 WatcherThread [stack: 0x00000000194b0000,0x00000000195b0000] [id=19964]

VM state:not at safepoint (normal execution)

VM Mutex/Monitor currently owned by a thread: None

Heap:
 PSYoungGen      total 44032K, used 26745K [0x00000000d5d00000, 0x00000000d9800000, 0x0000000100000000)
  eden space 35328K, 74% used [0x00000000d5d00000,0x00000000d76a9770,0x00000000d7f80000)
  from space 8704K, 5% used [0x00000000d8580000,0x00000000d85f5008,0x00000000d8e00000)
  to   space 6144K, 0% used [0x00000000d7f80000,0x00000000d7f80000,0x00000000d8580000)
 ParOldGen       total 87552K, used 8393K [0x0000000081600000, 0x0000000086b80000, 0x00000000d5d00000)
  object space 87552K, 9% used [0x0000000081600000,0x0000000081e32590,0x0000000086b80000)
 Metaspace       used 17261K, capacity 17736K, committed 17920K, reserved 1064960K
  class space    used 1833K, capacity 1968K, committed 2048K, reserved 1048576K

Card table byte_map: [0x0000000011ec0000,0x00000000122c0000] byte_map_base: 0x0000000011ab5000

Marking Bits: (ParMarkBitMap*) 0x0000000070472d00
 Begin Bits: [0x0000000012970000, 0x0000000014918000)
 End Bits:   [0x0000000014918000, 0x00000000168c0000)

Polling page: 0x00000000006f0000

CodeCache: size=245760Kb used=11721Kb max_used=11727Kb free=234038Kb
 bounds [0x0000000002b00000, 0x0000000003690000, 0x0000000011b00000]
 total_blobs=3408 nmethods=3039 adapters=281
 compilation: enabled

Compilation events (10 events):
Event: 8.506 Thread 0x0000000018c65800 nmethod 3602 0x000000000367c310 code [0x000000000367c480, 0x000000000367c718]
Event: 8.509 Thread 0x0000000018c65800 3605   !   4       util.FileUtils::readLine (312 bytes)
Event: 8.510 Thread 0x0000000018c62800 nmethod 3604 0x00000000036735d0 code [0x0000000003673760, 0x0000000003673c18]
Event: 8.521 Thread 0x0000000018ca6000 3606       3       org.apache.poi.openxml4j.opc.PackagePartName::getExtension (38 bytes)
Event: 8.522 Thread 0x0000000018ca6000 nmethod 3606 0x000000000367d990 code [0x000000000367db40, 0x000000000367e2a8]
Event: 8.545 Thread 0x0000000018c62800 3607       4       org.apache.xmlbeans.impl.store.Xobj::setAttr (69 bytes)
Event: 8.562 Thread 0x0000000018ca6000 3611       3       java.util.GregorianCalendar::monthLength (22 bytes)
Event: 8.562 Thread 0x0000000018ca6000 nmethod 3611 0x0000000003673090 code [0x0000000003673200, 0x0000000003673448]
Event: 8.562 Thread 0x0000000018ca6000 3612       3       java.util.GregorianCalendar::isLeapYear (127 bytes)
Event: 8.563 Thread 0x0000000018ca6000 nmethod 3612 0x000000000367d050 code [0x000000000367d1e0, 0x000000000367d808]

GC Heap History (10 events):
Event: 7.770 GC heap before
{Heap before GC invocations=18 (full 0):
 PSYoungGen      total 37888K, used 33268K [0x00000000d5d00000, 0x00000000d8e00000, 0x0000000100000000)
  eden space 32768K, 100% used [0x00000000d5d00000,0x00000000d7d00000,0x00000000d7d00000)
  from space 5120K, 9% used [0x00000000d7d80000,0x00000000d7dfd008,0x00000000d8280000)
  to   space 8704K, 0% used [0x00000000d8580000,0x00000000d8580000,0x00000000d8e00000)
 ParOldGen       total 87552K, used 8353K [0x0000000081600000, 0x0000000086b80000, 0x00000000d5d00000)
  object space 87552K, 9% used [0x0000000081600000,0x0000000081e28590,0x0000000086b80000)
 Metaspace       used 17198K, capacity 17664K, committed 17920K, reserved 1064960K
  class space    used 1833K, capacity 1968K, committed 2048K, reserved 1048576K
Event: 7.772 GC heap after
Heap after GC invocations=18 (full 0):
 PSYoungGen      total 41472K, used 820K [0x00000000d5d00000, 0x00000000d8e00000, 0x0000000100000000)
  eden space 32768K, 0% used [0x00000000d5d00000,0x00000000d5d00000,0x00000000d7d00000)
  from space 8704K, 9% used [0x00000000d8580000,0x00000000d864d018,0x00000000d8e00000)
  to   space 5120K, 0% used [0x00000000d7d80000,0x00000000d7d80000,0x00000000d8280000)
 ParOldGen       total 87552K, used 8361K [0x0000000081600000, 0x0000000086b80000, 0x00000000d5d00000)
  object space 87552K, 9% used [0x0000000081600000,0x0000000081e2a590,0x0000000086b80000)
 Metaspace       used 17198K, capacity 17664K, committed 17920K, reserved 1064960K
  class space    used 1833K, capacity 1968K, committed 2048K, reserved 1048576K
}
Event: 7.969 GC heap before
{Heap before GC invocations=19 (full 0):
 PSYoungGen      total 41472K, used 33588K [0x00000000d5d00000, 0x00000000d8e00000, 0x0000000100000000)
  eden space 32768K, 100% used [0x00000000d5d00000,0x00000000d7d00000,0x00000000d7d00000)
  from space 8704K, 9% used [0x00000000d8580000,0x00000000d864d018,0x00000000d8e00000)
  to   space 5120K, 0% used [0x00000000d7d80000,0x00000000d7d80000,0x00000000d8280000)
 ParOldGen       total 87552K, used 8361K [0x0000000081600000, 0x0000000086b80000, 0x00000000d5d00000)
  object space 87552K, 9% used [0x0000000081600000,0x0000000081e2a590,0x0000000086b80000)
 Metaspace       used 17214K, capacity 17672K, committed 17920K, reserved 1064960K
  class space    used 1833K, capacity 1968K, committed 2048K, reserved 1048576K
Event: 7.969 GC heap after
Heap after GC invocations=19 (full 0):
 PSYoungGen      total 37888K, used 244K [0x00000000d5d00000, 0x00000000d8e00000, 0x0000000100000000)
  eden space 32768K, 0% used [0x00000000d5d00000,0x00000000d5d00000,0x00000000d7d00000)
  from space 5120K, 4% used [0x00000000d7d80000,0x00000000d7dbd008,0x00000000d8280000)
  to   space 8704K, 0% used [0x00000000d8580000,0x00000000d8580000,0x00000000d8e00000)
 ParOldGen       total 87552K, used 8369K [0x0000000081600000, 0x0000000086b80000, 0x00000000d5d00000)
  object space 87552K, 9% used [0x0000000081600000,0x0000000081e2c590,0x0000000086b80000)
 Metaspace       used 17214K, capacity 17672K, committed 17920K, reserved 1064960K
  class space    used 1833K, capacity 1968K, committed 2048K, reserved 1048576K
}
Event: 8.165 GC heap before
{Heap before GC invocations=20 (full 0):
 PSYoungGen      total 37888K, used 33012K [0x00000000d5d00000, 0x00000000d8e00000, 0x0000000100000000)
  eden space 32768K, 100% used [0x00000000d5d00000,0x00000000d7d00000,0x00000000d7d00000)
  from space 5120K, 4% used [0x00000000d7d80000,0x00000000d7dbd008,0x00000000d8280000)
  to   space 8704K, 0% used [0x00000000d8580000,0x00000000d8580000,0x00000000d8e00000)
 ParOldGen       total 87552K, used 8369K [0x0000000081600000, 0x0000000086b80000, 0x00000000d5d00000)
  object space 87552K, 9% used [0x0000000081600000,0x0000000081e2c590,0x0000000086b80000)
 Metaspace       used 17259K, capacity 17736K, committed 17920K, reserved 1064960K
  class space    used 1833K, capacity 1968K, committed 2048K, reserved 1048576K
Event: 8.167 GC heap after
Heap after GC invocations=20 (full 0):
 PSYoungGen      total 43008K, used 532K [0x00000000d5d00000, 0x00000000d9800000, 0x0000000100000000)
  eden space 34304K, 0% used [0x00000000d5d00000,0x00000000d5d00000,0x00000000d7e80000)
  from space 8704K, 6% used [0x00000000d8580000,0x00000000d8605018,0x00000000d8e00000)
  to   space 7168K, 0% used [0x00000000d7e80000,0x00000000d7e80000,0x00000000d8580000)
 ParOldGen       total 87552K, used 8377K [0x0000000081600000, 0x0000000086b80000, 0x00000000d5d00000)
  object space 87552K, 9% used [0x0000000081600000,0x0000000081e2e590,0x0000000086b80000)
 Metaspace       used 17259K, capacity 17736K, committed 17920K, reserved 1064960K
  class space    used 1833K, capacity 1968K, committed 2048K, reserved 1048576K
}
Event: 8.327 GC heap before
{Heap before GC invocations=21 (full 0):
 PSYoungGen      total 43008K, used 34836K [0x00000000d5d00000, 0x00000000d9800000, 0x0000000100000000)
  eden space 34304K, 100% used [0x00000000d5d00000,0x00000000d7e80000,0x00000000d7e80000)
  from space 8704K, 6% used [0x00000000d8580000,0x00000000d8605018,0x00000000d8e00000)
  to   space 7168K, 0% used [0x00000000d7e80000,0x00000000d7e80000,0x00000000d8580000)
 ParOldGen       total 87552K, used 8377K [0x0000000081600000, 0x0000000086b80000, 0x00000000d5d00000)
  object space 87552K, 9% used [0x0000000081600000,0x0000000081e2e590,0x0000000086b80000)
 Metaspace       used 17260K, capacity 17736K, committed 17920K, reserved 1064960K
  class space    used 1833K, capacity 1968K, committed 2048K, reserved 1048576K
Event: 8.345 GC heap after
Heap after GC invocations=21 (full 0):
 PSYoungGen      total 41472K, used 660K [0x00000000d5d00000, 0x00000000d9800000, 0x0000000100000000)
  eden space 34304K, 0% used [0x00000000d5d00000,0x00000000d5d00000,0x00000000d7e80000)
  from space 7168K, 9% used [0x00000000d7e80000,0x00000000d7f25008,0x00000000d8580000)
  to   space 8704K, 0% used [0x00000000d8580000,0x00000000d8580000,0x00000000d8e00000)
 ParOldGen       total 87552K, used 8385K [0x0000000081600000, 0x0000000086b80000, 0x00000000d5d00000)
  object space 87552K, 9% used [0x0000000081600000,0x0000000081e30590,0x0000000086b80000)
 Metaspace       used 17260K, capacity 17736K, committed 17920K, reserved 1064960K
  class space    used 1833K, capacity 1968K, committed 2048K, reserved 1048576K
}
Event: 8.473 GC heap before
{Heap before GC invocations=22 (full 0):
 PSYoungGen      total 41472K, used 34964K [0x00000000d5d00000, 0x00000000d9800000, 0x0000000100000000)
  eden space 34304K, 100% used [0x00000000d5d00000,0x00000000d7e80000,0x00000000d7e80000)
  from space 7168K, 9% used [0x00000000d7e80000,0x00000000d7f25008,0x00000000d8580000)
  to   space 8704K, 0% used [0x00000000d8580000,0x00000000d8580000,0x00000000d8e00000)
 ParOldGen       total 87552K, used 8385K [0x0000000081600000, 0x0000000086b80000, 0x00000000d5d00000)
  object space 87552K, 9% used [0x0000000081600000,0x0000000081e30590,0x0000000086b80000)
 Metaspace       used 17260K, capacity 17736K, committed 17920K, reserved 1064960K
  class space    used 1833K, capacity 1968K, committed 2048K, reserved 1048576K
Event: 8.474 GC heap after
Heap after GC invocations=22 (full 0):
 PSYoungGen      total 44032K, used 468K [0x00000000d5d00000, 0x00000000d9800000, 0x0000000100000000)
  eden space 35328K, 0% used [0x00000000d5d00000,0x00000000d5d00000,0x00000000d7f80000)
  from space 8704K, 5% used [0x00000000d8580000,0x00000000d85f5008,0x00000000d8e00000)
  to   space 6144K, 0% used [0x00000000d7f80000,0x00000000d7f80000,0x00000000d8580000)
 ParOldGen       total 87552K, used 8393K [0x0000000081600000, 0x0000000086b80000, 0x00000000d5d00000)
  object space 87552K, 9% used [0x0000000081600000,0x0000000081e32590,0x0000000086b80000)
 Metaspace       used 17260K, capacity 17736K, committed 17920K, reserved 1064960K
  class space    used 1833K, capacity 1968K, committed 2048K, reserved 1048576K
}

Deoptimization events (10 events):
Event: 4.168 Thread 0x0000000002a04000 Uncommon trap: reason=class_check action=maybe_recompile pc=0x0000000003023a00 method=org.apache.xmlbeans.impl.store.CharUtil.getChars([CILjava/lang/Object;II)V @ 84
Event: 4.369 Thread 0x0000000002a04000 Uncommon trap: reason=class_check action=maybe_recompile pc=0x0000000003023a00 method=org.apache.xmlbeans.impl.store.CharUtil.getChars([CILjava/lang/Object;II)V @ 84
Event: 4.638 Thread 0x0000000002a04000 Uncommon trap: reason=class_check action=maybe_recompile pc=0x000000000336b844 method=org.apache.xmlbeans.impl.store.CharUtil.saveChars(Ljava/lang/Object;IILjava/lang/Object;II)Ljava/lang/Object; @ 174
Event: 4.896 Thread 0x0000000002a04000 Uncommon trap: reason=class_check action=maybe_recompile pc=0x000000000336b844 method=org.apache.xmlbeans.impl.store.CharUtil.saveChars(Ljava/lang/Object;IILjava/lang/Object;II)Ljava/lang/Object; @ 174
Event: 4.998 Thread 0x0000000002a04000 Uncommon trap: reason=class_check action=maybe_recompile pc=0x000000000336b844 method=org.apache.xmlbeans.impl.store.CharUtil.saveChars(Ljava/lang/Object;IILjava/lang/Object;II)Ljava/lang/Object; @ 174
Event: 6.678 Thread 0x0000000002a04000 Uncommon trap: reason=predicate action=maybe_recompile pc=0x00000000030c32f8 method=java.util.AbstractCollection.toArray([Ljava/lang/Object;)[Ljava/lang/Object; @ 49
Event: 6.769 Thread 0x0000000002a04000 Uncommon trap: reason=array_check action=maybe_recompile pc=0x0000000002f98dac method=java.util.AbstractCollection.toArray([Ljava/lang/Object;)[Ljava/lang/Object; @ 119
Event: 6.779 Thread 0x0000000002a04000 Uncommon trap: reason=array_check action=maybe_recompile pc=0x0000000002f98dac method=java.util.AbstractCollection.toArray([Ljava/lang/Object;)[Ljava/lang/Object; @ 119
Event: 6.779 Thread 0x0000000002a04000 Uncommon trap: reason=array_check action=maybe_recompile pc=0x0000000002f98dac method=java.util.AbstractCollection.toArray([Ljava/lang/Object;)[Ljava/lang/Object; @ 119
Event: 6.779 Thread 0x0000000002a04000 Uncommon trap: reason=array_check action=maybe_recompile pc=0x0000000002f98dac method=java.util.AbstractCollection.toArray([Ljava/lang/Object;)[Ljava/lang/Object; @ 119

Classes redefined (0 events):
No events

Internal exceptions (10 events):
Event: 0.516 Thread 0x0000000002a04000 Exception <a 'java/lang/ClassNotFoundException': java/lang/ObjectBeanInfo> (0x00000000d63b8fa0) thrown at [C:\re\workspace\8-2-build-windows-amd64-cygwin\jdk8u181\11358\hotspot\src\share\vm\classfile\systemDictionary.cpp, line 210]
Event: 0.517 Thread 0x0000000002a04000 Exception <a 'java/lang/ClassNotFoundException': java/lang/ObjectCustomizer> (0x00000000d63bee28) thrown at [C:\re\workspace\8-2-build-windows-amd64-cygwin\jdk8u181\11358\hotspot\src\share\vm\classfile\systemDictionary.cpp, line 210]
Event: 0.520 Thread 0x0000000002a04000 Exception <a 'java/lang/ArrayIndexOutOfBoundsException': 18> (0x00000000d63cf4b8) thrown at [C:\re\workspace\8-2-build-windows-amd64-cygwin\jdk8u181\11358\hotspot\src\share\vm\interpreter\interpreterRuntime.cpp, line 366]
Event: 0.522 Thread 0x0000000002a04000 Exception <a 'java/lang/ArrayIndexOutOfBoundsException': 22> (0x00000000d63d7170) thrown at [C:\re\workspace\8-2-build-windows-amd64-cygwin\jdk8u181\11358\hotspot\src\share\vm\interpreter\interpreterRuntime.cpp, line 366]
Event: 0.524 Thread 0x0000000002a04000 Exception <a 'java/lang/ArrayIndexOutOfBoundsException': 160> (0x00000000d63de678) thrown at [C:\re\workspace\8-2-build-windows-amd64-cygwin\jdk8u181\11358\hotspot\src\share\vm\interpreter\interpreterRuntime.cpp, line 366]
Event: 0.528 Thread 0x0000000002a04000 Exception <a 'java/lang/ClassNotFoundException': org/apache/log4j/LayoutCustomizer> (0x00000000d63fc668) thrown at [C:\re\workspace\8-2-build-windows-amd64-cygwin\jdk8u181\11358\hotspot\src\share\vm\classfile\systemDictionary.cpp, line 210]
Event: 0.531 Thread 0x0000000002a04000 Exception <a 'java/lang/ClassNotFoundException': org/apache/log4j/PatternLayoutCustomizer> (0x00000000d641f160) thrown at [C:\re\workspace\8-2-build-windows-amd64-cygwin\jdk8u181\11358\hotspot\src\share\vm\classfile\systemDictionary.cpp, line 210]
Event: 0.684 Thread 0x0000000002a04000 Exception <a 'java/lang/NoSuchFieldError': method resolution failed> (0x00000000d67eb0c8) thrown at [C:\re\workspace\8-2-build-windows-amd64-cygwin\jdk8u181\11358\hotspot\src\share\vm\prims\methodHandles.cpp, line 1167]
Event: 0.686 Thread 0x0000000002a04000 Exception <a 'java/lang/NoSuchFieldError': method resolution failed> (0x00000000d67f8c88) thrown at [C:\re\workspace\8-2-build-windows-amd64-cygwin\jdk8u181\11358\hotspot\src\share\vm\prims\methodHandles.cpp, line 1167]
Event: 0.920 Thread 0x0000000002a04000 Implicit null exception at 0x0000000002c03391 to 0x0000000002c03551

Events (10 events):
Event: 8.605 loading class org/apache/xerces/util/SecurityManager
Event: 8.605 loading class org/apache/xerces/util/SecurityManager done
Event: 8.606 loading class org/apache/xerces/util/SecurityManager
Event: 8.606 loading class org/apache/xerces/util/SecurityManager done
Event: 8.607 loading class org/apache/xerces/util/SecurityManager
Event: 8.607 loading class org/apache/xerces/util/SecurityManager done
Event: 8.610 loading class org/apache/xerces/util/SecurityManager
Event: 8.610 loading class org/apache/xerces/util/SecurityManager done
Event: 8.611 loading class org/apache/xerces/util/SecurityManager
Event: 8.611 loading class org/apache/xerces/util/SecurityManager done


Dynamic libraries:
0x00007ff783cd0000 - 0x00007ff783d07000 	D:\software\jdk\bin\java.exe
0x00007ffe8a140000 - 0x00007ffe8a330000 	C:\WINDOWS\SYSTEM32\ntdll.dll
0x00007ffe89400000 - 0x00007ffe894b2000 	C:\WINDOWS\System32\KERNEL32.DLL
0x00007ffe87660000 - 0x00007ffe87904000 	C:\WINDOWS\System32\KERNELBASE.dll
0x00007ffe88a20000 - 0x00007ffe88ac3000 	C:\WINDOWS\System32\ADVAPI32.dll
0x00007ffe89950000 - 0x00007ffe899ee000 	C:\WINDOWS\System32\msvcrt.dll
0x00007ffe88290000 - 0x00007ffe88327000 	C:\WINDOWS\System32\sechost.dll
0x00007ffe89590000 - 0x00007ffe896b0000 	C:\WINDOWS\System32\RPCRT4.dll
0x00007ffe89200000 - 0x00007ffe89394000 	C:\WINDOWS\System32\USER32.dll
0x00007ffe87370000 - 0x00007ffe87391000 	C:\WINDOWS\System32\win32u.dll
0x00007ffe88bf0000 - 0x00007ffe88c16000 	C:\WINDOWS\System32\GDI32.dll
0x00007ffe870e0000 - 0x00007ffe87276000 	C:\WINDOWS\System32\gdi32full.dll
0x00007ffe87280000 - 0x00007ffe8731e000 	C:\WINDOWS\System32\msvcp_win.dll
0x00007ffe873a0000 - 0x00007ffe8749a000 	C:\WINDOWS\System32\ucrtbase.dll
0x00007ffe78ac0000 - 0x00007ffe78d44000 	C:\WINDOWS\WinSxS\amd64_microsoft.windows.common-controls_6595b64144ccf1df_6.0.18362.959_none_e6c7bbbf130c62bb\COMCTL32.dll
0x00007ffe88cd0000 - 0x00007ffe89005000 	C:\WINDOWS\System32\combase.dll
0x00007ffe875e0000 - 0x00007ffe87660000 	C:\WINDOWS\System32\bcryptPrimitives.dll
0x00007ffe89020000 - 0x00007ffe8904e000 	C:\WINDOWS\System32\IMM32.DLL
0x0000000070500000 - 0x00000000705d2000 	D:\software\jdk\jre\bin\msvcr100.dll
0x000000006fc50000 - 0x00000000704f2000 	D:\software\jdk\jre\bin\server\jvm.dll
0x00007ffe89a70000 - 0x00007ffe89a78000 	C:\WINDOWS\System32\PSAPI.DLL
0x00007ffe850f0000 - 0x00007ffe85114000 	C:\WINDOWS\SYSTEM32\WINMM.dll
0x00007ffe83920000 - 0x00007ffe83929000 	C:\WINDOWS\SYSTEM32\WSOCK32.dll
0x00007ffe88ad0000 - 0x00007ffe88b3f000 	C:\WINDOWS\System32\WS2_32.dll
0x00007ffe86aa0000 - 0x00007ffe86aaa000 	C:\WINDOWS\SYSTEM32\VERSION.dll
0x00007ffe84f90000 - 0x00007ffe84fbd000 	C:\WINDOWS\SYSTEM32\WINMMBASE.dll
0x00007ffe87320000 - 0x00007ffe8736a000 	C:\WINDOWS\System32\cfgmgr32.dll
0x000000006fc40000 - 0x000000006fc4f000 	D:\software\jdk\jre\bin\verify.dll
0x000000006fc10000 - 0x000000006fc39000 	D:\software\jdk\jre\bin\java.dll
0x00000000705f0000 - 0x0000000070613000 	D:\software\jdk\jre\bin\instrument.dll
0x000000006fbf0000 - 0x000000006fc06000 	D:\software\jdk\jre\bin\zip.dll
0x00007ffe88330000 - 0x00007ffe88a16000 	C:\WINDOWS\System32\SHELL32.dll
0x00007ffe88b40000 - 0x00007ffe88be9000 	C:\WINDOWS\System32\shcore.dll
0x00007ffe87a60000 - 0x00007ffe881e2000 	C:\WINDOWS\System32\windows.storage.dll
0x00007ffe87090000 - 0x00007ffe870b3000 	C:\WINDOWS\System32\profapi.dll
0x00007ffe87040000 - 0x00007ffe8708a000 	C:\WINDOWS\System32\powrprof.dll
0x00007ffe86ff0000 - 0x00007ffe87000000 	C:\WINDOWS\System32\UMPDC.dll
0x00007ffe89810000 - 0x00007ffe89862000 	C:\WINDOWS\System32\shlwapi.dll
0x00007ffe87000000 - 0x00007ffe87011000 	C:\WINDOWS\System32\kernel.appcore.dll
0x00007ffe870c0000 - 0x00007ffe870d7000 	C:\WINDOWS\System32\cryptsp.dll
0x00007ffe72320000 - 0x00007ffe7233a000 	D:\software\IntelliJ IDEA 2020.1.2\bin\breakgen64.dll
0x000000006fbd0000 - 0x000000006fbea000 	D:\software\jdk\jre\bin\net.dll
0x00007ffe86790000 - 0x00007ffe867f7000 	C:\WINDOWS\system32\mswsock.dll

VM Arguments:
jvm_args: -javaagent:D:\software\IntelliJ IDEA 2020.1.2\lib\idea_rt.jar=50868:D:\software\IntelliJ IDEA 2020.1.2\bin -Dfile.encoding=UTF-8 
java_command: util.AllureTest
java_class_path (initial): D:\software\jdk\jre\lib\charsets.jar;D:\software\jdk\jre\lib\deploy.jar;D:\software\jdk\jre\lib\ext\access-bridge-64.jar;D:\software\jdk\jre\lib\ext\cldrdata.jar;D:\software\jdk\jre\lib\ext\dnsns.jar;D:\software\jdk\jre\lib\ext\jaccess.jar;D:\software\jdk\jre\lib\ext\jfxrt.jar;D:\software\jdk\jre\lib\ext\localedata.jar;D:\software\jdk\jre\lib\ext\nashorn.jar;D:\software\jdk\jre\lib\ext\sunec.jar;D:\software\jdk\jre\lib\ext\sunjce_provider.jar;D:\software\jdk\jre\lib\ext\sunmscapi.jar;D:\software\jdk\jre\lib\ext\sunpkcs11.jar;D:\software\jdk\jre\lib\ext\zipfs.jar;D:\software\jdk\jre\lib\javaws.jar;D:\software\jdk\jre\lib\jce.jar;D:\software\jdk\jre\lib\jfr.jar;D:\software\jdk\jre\lib\jfxswt.jar;D:\software\jdk\jre\lib\jsse.jar;D:\software\jdk\jre\lib\management-agent.jar;D:\software\jdk\jre\lib\plugin.jar;D:\software\jdk\jre\lib\resources.jar;D:\software\jdk\jre\lib\rt.jar;D:\project\csgo-win\target\classes;D:\mvnRepository\com\beust\jcommander\1.72\jcommander-1.72.jar;D:\mvnRepository\org\testng\testng\6.14.3\testng-6.14.3.jar;D:\mvnRepository\org\apache-extras\beanshell\bsh\2.0b6\bsh-2.0b6.jar;D:\mvnRepository\org\seleniumhq\selenium\selenium-java\3.14.0\selenium-java-3.14.0.jar;D:\mvnRepository\org\seleniumhq\selenium\selenium-api\3.14.0\selenium-api-3.14.0.jar;D:\mvnRepository\org\seleniumhq\selenium\selenium-chrome-driver\3.14.0\selenium-chrome-driver-3.14.0.jar;D:\mvnRepository\org\seleniumhq\selenium\selenium-edge-driver\3.14.0\selenium-edge-driver-3.14.0.jar;D:\mvnRepository\org\seleniumhq\selenium\selenium-firefox-driver\3.14.0\selenium-firefox-driver-3.14.0.jar;D:\mvnRepository\org\seleniumhq\selenium\selenium-ie-driver\3.14.0\selenium-ie-driver-3.14.0.jar;D:\mvnRepository\org\seleniumhq\selenium\selenium-opera-driver\3.14.0\selenium-opera-driver-3.14.0.jar;D:\mvnRepository\org\seleniumhq\selenium\selenium-remote-driver\3.14.0\selenium-remote-driver-3.14.0.jar;D:\mvnRepository\org\seleniumhq\selenium\selenium-safari-driver\3.14.
Launcher Type: SUN_STANDARD

Environment Variables:
JAVA_HOME=D:\software\jdk
CLASSPATH=.;D:\software\jdk\lib\dt.jar;D:\software\jdk\lib\tools.jar;.;D:\software\jdk\lib\dt.jar;D:\software\jdk\lib\tools.jar;.;%JAVA_HOME%\lib\dt.jar;%JAVA_HOME%\lib\tools.jar;%CLASSPATH%;%TESTNG_HOME%\testng-6.14.3.jar;;D:\testng\testng-6.14.3.jar;;D:\testng\testng-6.14.3.jar;
PATH=C:\Program Files (x86)\Common Files\Oracle\Java\javapath;D:\Program Files (x86)\NetSarang\Xftp 6\;D:\Program Files (x86)\NetSarang\Xshell 6\;C:\WINDOWS\system32;C:\WINDOWS;C:\WINDOWS\System32\Wbem;C:\WINDOWS\System32\WindowsPowerShell\v1.0\;D:\Program Files\nodejs\;d:\Program Files\Git\cmd;C:\WINDOWS\System32\OpenSSH\;D:\Program Files\Redis\;"D:\software\jdk\bin;D:\software\jdk\jre\bin;";D:\software\apache-maven-3.6.3\bin;D:\allure-2.13.4\bin;C:\Users\wu\AppData\Roaming\npm;C:\Users\wu\AppData\Local\Programs\Python\Python37;C:\Users\wu\AppData\Local\Microsoft\WindowsApps;C:\Program Files\MySQL\MySQL Server 5.7\bin;;d:\Users\wu\AppData\Local\Programs\Microsoft VS Code\bin;D:\software\Fiddler
USERNAME=wu
OS=Windows_NT
PROCESSOR_IDENTIFIER=Intel64 Family 6 Model 78 Stepping 3, GenuineIntel



---------------  S Y S T E M  ---------------

OS: Windows 10.0 , 64 bit Build 18362 (10.0.18362.959)

CPU:total 4 (initial active 4) (2 cores per cpu, 2 threads per core) family 6 model 78 stepping 3, cmov, cx8, fxsr, mmx, sse, sse2, sse3, ssse3, sse4.1, sse4.2, popcnt, avx, avx2, aes, clmul, erms, 3dnowpref, lzcnt, ht, tsc, tscinvbit, bmi1, bmi2, adx

Memory: 4k page, physical 8290584k(1635040k free), swap 13463940k(5152k free)

vm_info: Java HotSpot(TM) 64-Bit Server VM (25.181-b13) for windows-amd64 JRE (1.8.0_181-b13), built on Jul  7 2018 04:01:33 by "java_re" with MS VC++ 10.0 (VS2010)

time: Fri Jul 31 15:42:28 2020
elapsed time: 8 seconds (0d 0h 0m 8s)

